0 info it worked if it ends with ok
1 verbose cli [ '/usr/local/Cellar/node/5.4.0/bin/node',
1 verbose cli   '/usr/local/bin/npm',
1 verbose cli   'run',
1 verbose cli   'serve' ]
2 info using npm@3.3.12
3 info using node@v5.4.0
4 verbose run-script [ 'preserve', 'serve', 'postserve' ]
5 info lifecycle VaporWebsite@~preserve: VaporWebsite@
6 silly lifecycle VaporWebsite@~preserve: no script for preserve, continuing
7 info lifecycle VaporWebsite@~serve: VaporWebsite@
8 verbose lifecycle VaporWebsite@~serve: unsafe-perm in lifecycle true
9 verbose lifecycle VaporWebsite@~serve: PATH: /usr/local/lib/node_modules/npm/bin/node-gyp-bin:/Users/NathanFlurry/Dev/qutheory/website/node_modules/.bin:/Users/NathanFlurry/.swiftenv/shims:/Library/Developer/Toolchains/swift-latest.xctoolchain/usr/bin:/usr/local/bin:/usr/bin:/bin:/usr/sbin:/sbin:/usr/local/go/bin
10 verbose lifecycle VaporWebsite@~serve: CWD: /Users/NathanFlurry/Dev/qutheory/website
11 silly lifecycle VaporWebsite@~serve: Args: [ '-c',
11 silly lifecycle   'swift build; .build/debug/App --config:app.port=8080 --workDir=./' ]
12 info lifecycle VaporWebsite@~serve: Failed to exec serve script
13 verbose stack Error: VaporWebsite@ serve: `swift build; .build/debug/App --config:app.port=8080 --workDir=./`
13 verbose stack spawn ENOENT
13 verbose stack     at ChildProcess.<anonymous> (/usr/local/lib/node_modules/npm/lib/utils/spawn.js:17:16)
13 verbose stack     at emitTwo (events.js:87:13)
13 verbose stack     at ChildProcess.emit (events.js:172:7)
13 verbose stack     at maybeClose (internal/child_process.js:821:16)
13 verbose stack     at Process.ChildProcess._handle.onexit (internal/child_process.js:211:5)
14 verbose pkgid VaporWebsite@
15 verbose cwd /Users/NathanFlurry/Dev/qutheory/website
16 error Darwin 15.5.0
17 error argv "/usr/local/Cellar/node/5.4.0/bin/node" "/usr/local/bin/npm" "run" "serve"
18 error node v5.4.0
19 error npm  v3.3.12
20 error file sh
21 error code ELIFECYCLE
22 error errno ENOENT
23 error syscall spawn
24 error VaporWebsite@ serve: `swift build; .build/debug/App --config:app.port=8080 --workDir=./`
24 error spawn ENOENT
25 error Failed at the VaporWebsite@ serve script 'swift build; .build/debug/App --config:app.port=8080 --workDir=./'.
25 error Make sure you have the latest version of node.js and npm installed.
25 error If you do, this is most likely a problem with the VaporWebsite package,
25 error not with npm itself.
25 error Tell the author that this fails on your system:
25 error     swift build; .build/debug/App --config:app.port=8080 --workDir=./
25 error You can get their info via:
25 error     npm owner ls VaporWebsite
25 error There is likely additional logging output above.
26 verbose exit [ 1, true ]
